2025-05-27 16:29:16.780 [info] Started local extension host with pid 1650.
2025-05-27 16:29:16.973 [info] Started initializing default profile extensions in extensions installation folder. file:///home/bacchimcho/.vscode-oss/extensions
2025-05-27 16:29:16.995 [info] ChatSessionStore: Migrating 0 chat sessions from storage service to file system
2025-05-27 16:29:17.631 [info] ComputeTargetPlatform: linux-x64
2025-05-27 16:29:17.790 [info] Completed initializing default profile extensions in extensions installation folder. file:///home/bacchimcho/.vscode-oss/extensions
2025-05-27 16:29:20.727 [info] [perf] Render performance baseline is 47ms
2025-05-27 16:30:26.285 [info] Started local extension host with pid 1765.
2025-05-27 16:30:27.309 [info] ComputeTargetPlatform: linux-x64
2025-05-27 16:30:27.677 [info] ChatSessionStore: Migrating 0 chat sessions from storage service to file system
2025-05-27 16:30:30.289 [info] [perf] Render performance baseline is 92ms
2025-05-27 16:31:19.219 [error] SignatureVerificationInternal: Signature verification failed with 'UnhandledException' error.
    at yh.xb (file:///usr/lib/code/out/vs/code/electron-utility/sharedProcess/sharedProcessMain.js:74:64415)
    at async yh.wb (file:///usr/lib/code/out/vs/code/electron-utility/sharedProcess/sharedProcessMain.js:74:62886)
2025-05-27 16:31:19.244 [error] Signature verification failed with 'UnhandledException' error.: SignatureVerificationInternal: Signature verification failed with 'UnhandledException' error.
    at yh.xb (file:///usr/lib/code/out/vs/code/electron-utility/sharedProcess/sharedProcessMain.js:74:64415)
    at async yh.wb (file:///usr/lib/code/out/vs/code/electron-utility/sharedProcess/sharedProcessMain.js:74:62886)
2025-05-27 16:31:56.464 [error] [Extension Host] grep: /usr/bin/groupmems: Permission denied
2025-05-27 16:31:56.520 [error] [Extension Host] grep: /usr/bin/groupmems: Permission denied
2025-05-27 16:31:56.566 [error] [Extension Host] grep: /usr/bin/groupmems: Permission denied
2025-05-27 16:32:12.177 [error] [Extension Host] grep: /usr/bin/groupmems: Permission denied
2025-05-27 16:32:12.234 [error] [Extension Host] grep: /usr/bin/groupmems: Permission denied
2025-05-27 16:32:12.284 [error] [Extension Host] grep: /usr/bin/groupmems: Permission denied
2025-05-27 16:39:49.644 [error] [Extension Host] Error: Unexpected SIGPIPE
	at process.<anonymous> (file:///usr/lib/code/out/bootstrap-fork.js:3:11860)
	at process.emit (node:events:524:28)
