[19:16:48.752][info] [#0:/home/bacchimcho/.config/coc/extensions/coc-lua-data/lua-language-server/main.lua:68]: Lua Lsp startup, root: 	/home/bacchimcho/.config/coc/extensions/coc-lua-data/lua-language-server
[19:16:48.753][info] [#0:/home/bacchimcho/.config/coc/extensions/coc-lua-data/lua-language-server/main.lua:69]: ROOT:	/home/bacchimcho/.config/coc/extensions/coc-lua-data/lua-language-server
[19:16:48.753][info] [#0:/home/bacchimcho/.config/coc/extensions/coc-lua-data/lua-language-server/main.lua:70]: LOGPATH:	/home/bacchimcho/.config/coc/extensions/coc-lua-data/lua-language-server/log
[19:16:48.753][info] [#0:/home/bacchimcho/.config/coc/extensions/coc-lua-data/lua-language-server/main.lua:71]: METAPATH:	/home/bacchimcho/.config/coc/extensions/coc-lua-data/lua-language-server/meta
[19:16:48.753][info] [#0:/home/bacchimcho/.config/coc/extensions/coc-lua-data/lua-language-server/main.lua:72]: VERSION:	3.14.0
[19:16:48.798][info] [#0:script/proto/proto.lua:260]: Listen Mode: stdio
[19:16:48.798][info] [#0:script/service/service.lua:145]: 
========= Medical Examination Report =========
    --------------- Memory ---------------
        Total: 2.263 MB
        # 00 : 2.263 MB
        # 01 : 0.000 MB
        # 02 : 0.000 MB
        # 03 : 0.000 MB
        # 04 : 0.000 MB
    --------------- Coroutine ---------------
        Total:     0
        Running:   0
        Suspended: 0
        Normal:    0
        Dead:      0
    --------------- Cache ---------------
        Total: 1
        Dead:  0
    ---------------  RPC  ---------------
        Holdon:   0
        Waiting:  0
==============================================
[19:16:48.909][info] [#0:script/client.lua:657]: Client init	{
  capabilities = {
    general = {
      markdown = {
        parser = "marked",
        version = "7.0.5"
      },
      positionEncodings = { "utf-16" },
      regularExpressions = {
        engine = "ECMAScript",
        version = "ES2020"
      },
      staleRequestSupport = {
        cancel = true,
        retryOnContentModified = { "textDocument/inlayHint", "textDocument/semanticTokens/full", "textDocument/semanticTokens/range", "textDocument/semanticTokens/full/delta" }
      }
    },
    textDocument = {
      callHierarchy = {
        dynamicRegistration = true
      },
      codeAction = {
        codeActionLiteralSupport = {
          codeActionKind = {
            valueSet = { "", "quickfix", "refactor", "refactor.extract", "refactor.inline", "refactor.rewrite", "source", "source.organizeImports" }
          }
        },
        dataSupport = true,
        disabledSupport = true,
        dynamicRegistration = true,
        honorsChangeAnnotations = false,
        isPreferredSupport = true,
        resolveSupport = {
          properties = { "edit" }
        }
      },
      codeLens = {
        dynamicRegistration = true
      },
      colorProvider = {
        dynamicRegistration = true
      },
      completion = {
        completionItem = {
          commitCharactersSupport = true,
          deprecatedSupport = true,
          documentationFormat = { "markdown", "plaintext" },
          insertReplaceSupport = true,
          insertTextModeSupport = {
            valueSet = { 1, 2 }
          },
          labelDetailsSupport = true,
          preselectSupport = true,
          resolveSupport = {
            properties = { "documentation", "detail", "additionalTextEdits" }
          },
          snippetSupport = true,
          tagSupport = {
            valueSet = { 1 }
          }
        },
        completionItemKind = {
          valueSet = { 1, 2, 3, 4, 5, 6, 7, 8, 9, 10, 11, 12, 13, 14, 15, 16, 17, 18, 19, 20, 21, 22, 23, 24, 25 }
        },
        completionList = {
          itemDefaults = { "commitCharacters", "editRange", "insertTextFormat", "insertTextMode" }
        },
        contextSupport = true,
        dynamicRegistration = true,
        insertTextMode = 2
      },
      declaration = {
        dynamicRegistration = true,
        linkSupport = true
      },
      definition = {
        dynamicRegistration = true,
        linkSupport = true
      },
      diagnostic = {
        dynamicRegistration = true,
        relatedDocumentSupport = true
      },
      documentHighlight = {
        dynamicRegistration = true
      },
      documentLink = {
        dynamicRegistration = true,
        tooltipSupport = true
      },
      documentSymbol = {
        dynamicRegistration = true,
        hierarchicalDocumentSymbolSupport = true,
        labelSupport = true,
        symbolKind = {
          valueSet = { 1, 2, 3, 4, 5, 6, 7, 8, 9, 10, 11, 12, 13, 14, 15, 16, 17, 18, 19, 20, 21, 22, 23, 24, 25, 26 }
        },
        tagSupport = {
          valueSet = { 1 }
        }
      },
      foldingRange = {
        dynamicRegistration = true,
        foldingRange = {
          collapsedText = false
        },
        foldingRangeKind = {
          valueSet = { "comment", "imports", "region" }
        },
        lineFoldingOnly = true,
        rangeLimit = 5000
      },
      formatting = {
        dynamicRegistration = true
      },
      hover = {
        contentFormat = { "markdown", "plaintext" },
        dynamicRegistration = true
      },
      implementation = {
        dynamicRegistration = true,
        linkSupport = true
      },
      inlayHint = {
        dynamicRegistration = true,
        resolveSupport = {
          properties = { "tooltip", "textEdits", "label.tooltip", "label.location", "label.command" }
        }
      },
      inlineValue = {
        dynamicRegistration = true
      },
      linkedEditingRange = {
        dynamicRegistration = true
      },
      onTypeFormatting = {
        dynamicRegistration = true
      },
      publishDiagnostics = {
        codeDescriptionSupport = true,
        dataSupport = true,
        relatedInformation = true,
        tagSupport = {
          valueSet = { 1, 2 }
        },
        versionSupport = true
      },
      rangeFormatting = {
        dynamicRegistration = true
      },
      references = {
        dynamicRegistration = true
      },
      rename = {
        dynamicRegistration = true,
        honorsChangeAnnotations = true,
        prepareSupport = true,
        prepareSupportDefaultBehavior = 1
      },
      selectionRange = {
        dynamicRegistration = true
      },
      semanticTokens = {
        augmentsSyntaxTokens = true,
        dynamicRegistration = true,
        formats = { "relative" },
        multilineTokenSupport = false,
        overlappingTokenSupport = false,
        requests = {
          full = {
            delta = true
          },
          range = true
        },
        serverCancelSupport = true,
        tokenModifiers = { "declaration", "definition", "readonly", "static", "deprecated", "abstract", "async", "modification", "documentation", "defaultLibrary" },
        tokenTypes = { "namespace", "type", "class", "enum", "interface", "struct", "typeParameter", "parameter", "variable", "property", "enumMember", "event", "function", "method", "macro", "keyword", "modifier", "comment", "string", "number", "regexp", "decorator", "operator" }
      },
      signatureHelp = {
        contextSupport = true,
        dynamicRegistration = true,
        signatureInformation = {
          activeParameterSupport = true,
          documentationFormat = { "markdown", "plaintext" },
          parameterInformation = {
            labelOffsetSupport = true
          }
        }
      },
      synchronization = {
        didSave = true,
        dynamicRegistration = true,
        willSave = true,
        willSaveWaitUntil = true
      },
      typeDefinition = {
        dynamicRegistration = true,
        linkSupport = true
      },
      typeHierarchy = {
        dynamicRegistration = true
      }
    },
    window = {
      showDocument = {
        support = true
      },
      showMessage = {
        messageActionItem = {
          additionalPropertiesSupport = true
        }
      },
      workDoneProgress = true
    },
    workspace = {
      applyEdit = true,
      codeLens = {
        refreshSupport = true
      },
      configuration = true,
      diagnostics = {
        refreshSupport = true
      },
      didChangeConfiguration = {
        dynamicRegistration = true
      },
      didChangeWatchedFiles = {
        dynamicRegistration = true,
        relativePatternSupport = true
      },
      executeCommand = {
        dynamicRegistration = true
      },
      fileOperations = {
        didCreate = true,
        didDelete = true,
        didRename = true,
        dynamicRegistration = true,
        willCreate = true,
        willDelete = true,
        willRename = true
      },
      inlayHint = {
        refreshSupport = true
      },
      inlineValue = {
        refreshSupport = true
      },
      semanticTokens = {
        refreshSupport = true
      },
      symbol = {
        dynamicRegistration = true,
        resolveSupport = {
          properties = { "location.range" }
        },
        symbolKind = {
          valueSet = { 1, 2, 3, 4, 5, 6, 7, 8, 9, 10, 11, 12, 13, 14, 15, 16, 17, 18, 19, 20, 21, 22, 23, 24, 25, 26 }
        },
        tagSupport = {
          valueSet = { 1 }
        }
      },
      workspaceEdit = {
        changeAnnotationSupport = {
          groupsOnLabel = false
        },
        documentChanges = true,
        failureHandling = "undo",
        normalizesLineEndings = true,
        resourceOperations = { "create", "rename", "delete" }
      },
      workspaceFolders = true
    }
  },
  clientInfo = {
    name = "coc.nvim",
    version = "0.0.82"
  },
  initializationOptions = {
    changeConfiguration = true
  },
  locale = "en_US",
  processId = 3238,
  rootPath = "/home/bacchimcho/.config/nvim/lua/plugins",
  rootUri = "file:///home/bacchimcho/.config/nvim/lua/plugins",
  trace = "off",
  workDoneToken = "3a9811ff-9c52-4b62-8d45-b4b1a4e0f49b",
  workspaceFolders = { {
      name = "plugins",
      uri = "file:///home/bacchimcho/.config/nvim/lua/plugins"
    } }
}
[19:16:48.910][info] [#0:script/language.lua:137]: VSC language: en_US
[19:16:48.910][info] [#0:script/language.lua:138]: LS  language: en-us
[19:16:48.910][info] [#0:script/workspace/workspace.lua:38]: Workspace init root: 	file:///home/bacchimcho/.config/nvim/lua/plugins
[19:16:48.910][info] [#0:script/workspace/workspace.lua:42]: Log path: 	/home/bacchimcho/.config/coc/extensions/coc-lua-data/lua-language-server/log/file_home_bacchimcho_.config_nvim_lua_plugins.log
[19:16:48.911][info] [#0:script/workspace/workspace.lua:48]: Workspace create: 	file:///home/bacchimcho/.config/nvim/lua/plugins
[19:16:49.220][info] [#0:script/provider/provider.lua:49]: Load config from client	file:///home/bacchimcho/.config/nvim/lua/plugins
[19:16:49.223][info] [#0:script/provider/provider.lua:50]: {
  Lua = {
    addonManager = {
      enable = true
    },
    codeLens = {
      enable = false
    },
    completion = {
      autoRequire = true,
      callSnippet = "Disable",
      displayContext = 0,
      enable = true,
      keywordSnippet = "Replace",
      postfix = "@",
      requireSeparator = ".",
      showParams = true,
      showWord = "Fallback",
      workspaceWord = true
    },
    diagnostics = {
      disable = {},
      disableScheme = { "git" },
      enable = true,
      globals = {},
      ignoredFiles = "Opened",
      libraryFiles = "Opened",
      unusedLocalExclude = {},
      workspaceDelay = 3000,
      workspaceEvent = "OnSave",
      workspaceRate = 100
    },
    doc = {
      packageName = {},
      privateName = {},
      protectedName = {}
    },
    format = {
      defaultConfig = {},
      enable = true
    },
    hint = {
      arrayIndex = "Auto",
      await = true,
      enable = false,
      paramName = "All",
      paramType = true,
      semicolon = "SameLine",
      setType = false
    },
    hover = {
      enable = true,
      enumsLimit = 5,
      expandAlias = true,
      previewFields = 50,
      viewNumber = true,
      viewString = true,
      viewStringMax = 1000
    },
    misc = {
      executablePath = "",
      parameters = {}
    },
    runtime = {
      fileEncoding = "utf8",
      meta = "${version} ${language} ${encoding}",
      nonstandardSymbol = {},
      path = { "?.lua", "?/init.lua" },
      pathStrict = false,
      plugin = "",
      pluginArgs = {},
      special = {},
      unicodeName = false,
      version = "Lua 5.4"
    },
    semantic = {
      annotation = true,
      enable = true,
      keyword = false,
      variable = true
    },
    signatureHelp = {
      enable = true
    },
    spell = {
      dict = {}
    },
    type = {
      castNumberToInteger = true,
      weakNilCheck = false,
      weakUnionCheck = false
    },
    window = {
      progressBar = true,
      statusBar = true
    },
    workspace = {
      checkThirdParty = true,
      ignoreDir = { ".vscode" },
      ignoreSubmodules = true,
      library = {},
      maxPreload = 5000,
      preloadFileSize = 500,
      useGitIgnore = true,
      userThirdParty = {}
    }
  }
}
[19:16:49.327][info] [#0:script/provider/completion.lua:43]: Enable completion.
[19:16:49.328][info] [#0:script/provider/provider.lua:65]: Load config from client	fallback
[19:16:49.330][info] [#0:script/provider/provider.lua:66]: {
  Lua = {
    addonManager = {
      enable = true
    },
    codeLens = {
      enable = false
    },
    completion = {
      autoRequire = true,
      callSnippet = "Disable",
      displayContext = 0,
      enable = true,
      keywordSnippet = "Replace",
      postfix = "@",
      requireSeparator = ".",
      showParams = true,
      showWord = "Fallback",
      workspaceWord = true
    },
    diagnostics = {
      disable = {},
      disableScheme = { "git" },
      enable = true,
      globals = {},
      ignoredFiles = "Opened",
      libraryFiles = "Opened",
      unusedLocalExclude = {},
      workspaceDelay = 3000,
      workspaceEvent = "OnSave",
      workspaceRate = 100
    },
    doc = {
      packageName = {},
      privateName = {},
      protectedName = {}
    },
    format = {
      defaultConfig = {},
      enable = true
    },
    hint = {
      arrayIndex = "Auto",
      await = true,
      enable = false,
      paramName = "All",
      paramType = true,
      semicolon = "SameLine",
      setType = false
    },
    hover = {
      enable = true,
      enumsLimit = 5,
      expandAlias = true,
      previewFields = 50,
      viewNumber = true,
      viewString = true,
      viewStringMax = 1000
    },
    misc = {
      executablePath = "",
      parameters = {}
    },
    runtime = {
      fileEncoding = "utf8",
      meta = "${version} ${language} ${encoding}",
      nonstandardSymbol = {},
      path = { "?.lua", "?/init.lua" },
      pathStrict = false,
      plugin = "",
      pluginArgs = {},
      special = {},
      unicodeName = false,
      version = "Lua 5.4"
    },
    semantic = {
      annotation = true,
      enable = true,
      keyword = false,
      variable = true
    },
    signatureHelp = {
      enable = true
    },
    spell = {
      dict = {}
    },
    type = {
      castNumberToInteger = true,
      weakNilCheck = false,
      weakUnionCheck = false
    },
    window = {
      progressBar = true,
      statusBar = true
    },
    workspace = {
      checkThirdParty = true,
      ignoreDir = { ".vscode" },
      ignoreSubmodules = true,
      library = {},
      maxPreload = 5000,
      preloadFileSize = 500,
      useGitIgnore = true,
      userThirdParty = {}
    }
  }
}
[19:16:49.550][info] [#0:script/plugin.lua:125]: plugin path:	/home/bacchimcho/.config/nvim/lua/plugins
[19:16:49.550][warn] [#0:script/plugin.lua:140]: plugin not found:	/home/bacchimcho/.config/nvim/lua/plugins
[19:16:49.550][info] [#0:script/library.lua:212]: Init builtin library at:	file:///home/bacchimcho/.config/nvim/lua/plugins
[19:16:49.572][info] [#0:script/library.lua:212]: Init builtin library at:	nil
[19:16:49.691][info] [#0:script/workspace/workspace.lua:324]: Preload start:	file:///home/bacchimcho/.config/nvim/lua/plugins
[19:16:49.693][info] [#0:script/workspace/workspace.lua:330]: Scan files at:	file:///home/bacchimcho/.config/nvim/lua/plugins
[19:16:49.695][info] [#0:script/workspace/workspace.lua:324]: Preload start:	<fallback>
[19:16:49.703][info] [#0:script/workspace/workspace.lua:353]: Scan library at:	file:///home/bacchimcho/.config/coc/extensions/coc-lua-data/lua-language-server/meta/Lua%205.4%20en-us%20utf8/debug.lua
[19:16:49.704][info] [#0:script/workspace/workspace.lua:353]: Scan library at:	file:///home/bacchimcho/.config/coc/extensions/coc-lua-data/lua-language-server/meta/Lua%205.4%20en-us%20utf8/string.lua
[19:16:49.704][info] [#0:script/workspace/workspace.lua:353]: Scan library at:	file:///home/bacchimcho/.config/coc/extensions/coc-lua-data/lua-language-server/meta/Lua%205.4%20en-us%20utf8/package.lua
[19:16:49.705][info] [#0:script/workspace/workspace.lua:353]: Scan library at:	file:///home/bacchimcho/.config/coc/extensions/coc-lua-data/lua-language-server/meta/Lua%205.4%20en-us%20utf8/os.lua
[19:16:49.705][info] [#0:script/workspace/workspace.lua:353]: Scan library at:	file:///home/bacchimcho/.config/coc/extensions/coc-lua-data/lua-language-server/meta/Lua%205.4%20en-us%20utf8/table.lua
[19:16:49.705][info] [#0:script/workspace/workspace.lua:353]: Scan library at:	file:///home/bacchimcho/.config/coc/extensions/coc-lua-data/lua-language-server/meta/Lua%205.4%20en-us%20utf8/io.lua
[19:16:49.706][info] [#0:script/workspace/workspace.lua:353]: Scan library at:	file:///home/bacchimcho/.config/coc/extensions/coc-lua-data/lua-language-server/meta/Lua%205.4%20en-us%20utf8/basic.lua
[19:16:49.707][info] [#0:script/workspace/workspace.lua:353]: Scan library at:	file:///home/bacchimcho/.config/coc/extensions/coc-lua-data/lua-language-server/meta/Lua%205.4%20en-us%20utf8/coroutine.lua
[19:16:49.707][info] [#0:script/workspace/workspace.lua:353]: Scan library at:	file:///home/bacchimcho/.config/coc/extensions/coc-lua-data/lua-language-server/meta/Lua%205.4%20en-us%20utf8/utf8.lua
[19:16:49.707][info] [#0:script/workspace/workspace.lua:353]: Scan library at:	file:///home/bacchimcho/.config/coc/extensions/coc-lua-data/lua-language-server/meta/Lua%205.4%20en-us%20utf8/math.lua
[19:16:49.708][info] [#0:script/workspace/workspace.lua:353]: Scan library at:	file:///home/bacchimcho/.config/coc/extensions/coc-lua-data/lua-language-server/meta/Lua%205.4%20en-us%20utf8/builtin.lua
[19:16:49.708][info] [#0:script/workspace/workspace.lua:353]: Scan library at:	file:///home/bacchimcho/.config/coc/extensions/coc-lua-data/lua-language-server/meta/Lua%205.4%20en-us%20utf8/debug.lua
[19:16:49.709][info] [#0:script/workspace/workspace.lua:353]: Scan library at:	file:///home/bacchimcho/.config/coc/extensions/coc-lua-data/lua-language-server/meta/Lua%205.4%20en-us%20utf8/string.lua
[19:16:49.709][info] [#0:script/workspace/workspace.lua:353]: Scan library at:	file:///home/bacchimcho/.config/coc/extensions/coc-lua-data/lua-language-server/meta/Lua%205.4%20en-us%20utf8/package.lua
[19:16:49.709][info] [#0:script/workspace/workspace.lua:353]: Scan library at:	file:///home/bacchimcho/.config/coc/extensions/coc-lua-data/lua-language-server/meta/Lua%205.4%20en-us%20utf8/os.lua
[19:16:49.709][info] [#0:script/workspace/workspace.lua:353]: Scan library at:	file:///home/bacchimcho/.config/coc/extensions/coc-lua-data/lua-language-server/meta/Lua%205.4%20en-us%20utf8/table.lua
[19:16:49.710][info] [#0:script/workspace/workspace.lua:353]: Scan library at:	file:///home/bacchimcho/.config/coc/extensions/coc-lua-data/lua-language-server/meta/Lua%205.4%20en-us%20utf8/io.lua
[19:16:49.710][info] [#0:script/workspace/workspace.lua:353]: Scan library at:	file:///home/bacchimcho/.config/coc/extensions/coc-lua-data/lua-language-server/meta/Lua%205.4%20en-us%20utf8/basic.lua
[19:16:49.710][info] [#0:script/workspace/workspace.lua:353]: Scan library at:	file:///home/bacchimcho/.config/coc/extensions/coc-lua-data/lua-language-server/meta/Lua%205.4%20en-us%20utf8/coroutine.lua
[19:16:49.711][info] [#0:script/workspace/workspace.lua:353]: Scan library at:	file:///home/bacchimcho/.config/coc/extensions/coc-lua-data/lua-language-server/meta/Lua%205.4%20en-us%20utf8/utf8.lua
[19:16:49.711][info] [#0:script/workspace/workspace.lua:353]: Scan library at:	file:///home/bacchimcho/.config/coc/extensions/coc-lua-data/lua-language-server/meta/Lua%205.4%20en-us%20utf8/math.lua
[19:16:49.712][info] [#0:script/workspace/workspace.lua:353]: Scan library at:	file:///home/bacchimcho/.config/coc/extensions/coc-lua-data/lua-language-server/meta/Lua%205.4%20en-us%20utf8/builtin.lua
[19:16:49.812][info] [#0:script/workspace/workspace.lua:379]: Found 11 files at:	<fallback>
[19:16:49.813][info] [#0:script/workspace/loading.lua:160]: Load files from disk:	<fallback>
[19:16:49.813][info] [#0:script/workspace/workspace.lua:379]: Found 23 files at:	file:///home/bacchimcho/.config/nvim/lua/plugins
[19:16:49.813][info] [#0:script/workspace/loading.lua:160]: Load files from disk:	file:///home/bacchimcho/.config/nvim/lua/plugins
[19:16:49.814][info] [#0:script/workspace/loading.lua:100]: Preload file at: file:///home/bacchimcho/.config/coc/extensions/coc-lua-data/lua-language-server/meta/Lua%205.4%20en-us%20utf8/builtin.lua , size = 0.302 KB
[19:16:49.815][info] [#0:script/workspace/loading.lua:112]: ++++As library of:	file:///home/bacchimcho/.config/coc/extensions/coc-lua-data/lua-language-server/meta/Lua%205.4%20en-us%20utf8/builtin.lua
[19:16:49.815][info] [#0:script/workspace/loading.lua:100]: Preload file at: file:///home/bacchimcho/.config/coc/extensions/coc-lua-data/lua-language-server/meta/Lua%205.4%20en-us%20utf8/math.lua , size = 8.542 KB
[19:16:49.825][info] [#0:script/workspace/loading.lua:112]: ++++As library of:	file:///home/bacchimcho/.config/coc/extensions/coc-lua-data/lua-language-server/meta/Lua%205.4%20en-us%20utf8/math.lua
[19:16:49.825][info] [#0:script/workspace/loading.lua:97]: Skip loaded file: file:///home/bacchimcho/.config/coc/extensions/coc-lua-data/lua-language-server/meta/Lua%205.4%20en-us%20utf8/builtin.lua
[19:16:49.825][info] [#0:script/workspace/loading.lua:88]: Skip loaded file: file:///home/bacchimcho/.config/coc/extensions/coc-lua-data/lua-language-server/meta/Lua%205.4%20en-us%20utf8/math.lua
[19:16:49.825][info] [#0:script/workspace/loading.lua:112]: ++++As library of:	file:///home/bacchimcho/.config/coc/extensions/coc-lua-data/lua-language-server/meta/Lua%205.4%20en-us%20utf8/math.lua
[19:16:49.825][info] [#0:script/workspace/loading.lua:100]: Preload file at: file:///home/bacchimcho/.config/coc/extensions/coc-lua-data/lua-language-server/meta/Lua%205.4%20en-us%20utf8/utf8.lua , size = 2.386 KB
[19:16:49.829][info] [#0:script/workspace/loading.lua:112]: ++++As library of:	file:///home/bacchimcho/.config/coc/extensions/coc-lua-data/lua-language-server/meta/Lua%205.4%20en-us%20utf8/utf8.lua
[19:16:49.830][info] [#0:script/workspace/loading.lua:88]: Skip loaded file: file:///home/bacchimcho/.config/coc/extensions/coc-lua-data/lua-language-server/meta/Lua%205.4%20en-us%20utf8/utf8.lua
[19:16:49.830][info] [#0:script/workspace/loading.lua:112]: ++++As library of:	file:///home/bacchimcho/.config/coc/extensions/coc-lua-data/lua-language-server/meta/Lua%205.4%20en-us%20utf8/utf8.lua
[19:16:49.830][info] [#0:script/workspace/loading.lua:100]: Preload file at: file:///home/bacchimcho/.config/coc/extensions/coc-lua-data/lua-language-server/meta/Lua%205.4%20en-us%20utf8/coroutine.lua , size = 2.590 KB
[19:16:49.837][info] [#0:script/workspace/loading.lua:112]: ++++As library of:	file:///home/bacchimcho/.config/coc/extensions/coc-lua-data/lua-language-server/meta/Lua%205.4%20en-us%20utf8/coroutine.lua
[19:16:49.837][info] [#0:script/workspace/loading.lua:88]: Skip loaded file: file:///home/bacchimcho/.config/coc/extensions/coc-lua-data/lua-language-server/meta/Lua%205.4%20en-us%20utf8/coroutine.lua
[19:16:49.837][info] [#0:script/workspace/loading.lua:112]: ++++As library of:	file:///home/bacchimcho/.config/coc/extensions/coc-lua-data/lua-language-server/meta/Lua%205.4%20en-us%20utf8/coroutine.lua
[19:16:49.838][info] [#0:script/workspace/loading.lua:100]: Preload file at: file:///home/bacchimcho/.config/coc/extensions/coc-lua-data/lua-language-server/meta/Lua%205.4%20en-us%20utf8/basic.lua , size = 15.841 KB
[19:16:49.858][info] [#0:script/workspace/loading.lua:112]: ++++As library of:	file:///home/bacchimcho/.config/coc/extensions/coc-lua-data/lua-language-server/meta/Lua%205.4%20en-us%20utf8/basic.lua
[19:16:49.858][info] [#0:script/workspace/loading.lua:97]: Skip loaded file: file:///home/bacchimcho/.config/coc/extensions/coc-lua-data/lua-language-server/meta/Lua%205.4%20en-us%20utf8/basic.lua
[19:16:49.859][info] [#0:script/workspace/loading.lua:100]: Preload file at: file:///home/bacchimcho/.config/coc/extensions/coc-lua-data/lua-language-server/meta/Lua%205.4%20en-us%20utf8/io.lua , size = 6.364 KB
[19:16:49.865][info] [#0:script/workspace/loading.lua:112]: ++++As library of:	file:///home/bacchimcho/.config/coc/extensions/coc-lua-data/lua-language-server/meta/Lua%205.4%20en-us%20utf8/io.lua
[19:16:49.865][info] [#0:script/workspace/loading.lua:97]: Skip loaded file: file:///home/bacchimcho/.config/coc/extensions/coc-lua-data/lua-language-server/meta/Lua%205.4%20en-us%20utf8/io.lua
[19:16:49.866][info] [#0:script/workspace/loading.lua:100]: Preload file at: file:///home/bacchimcho/.config/coc/extensions/coc-lua-data/lua-language-server/meta/Lua%205.4%20en-us%20utf8/table.lua , size = 4.445 KB
[19:16:49.870][info] [#0:script/workspace/loading.lua:112]: ++++As library of:	file:///home/bacchimcho/.config/coc/extensions/coc-lua-data/lua-language-server/meta/Lua%205.4%20en-us%20utf8/table.lua
[19:16:49.870][info] [#0:script/workspace/loading.lua:97]: Skip loaded file: file:///home/bacchimcho/.config/coc/extensions/coc-lua-data/lua-language-server/meta/Lua%205.4%20en-us%20utf8/table.lua
[19:16:49.871][info] [#0:script/workspace/loading.lua:100]: Preload file at: file:///home/bacchimcho/.config/coc/extensions/coc-lua-data/lua-language-server/meta/Lua%205.4%20en-us%20utf8/os.lua , size = 5.611 KB
[19:16:49.878][info] [#0:script/workspace/loading.lua:112]: ++++As library of:	file:///home/bacchimcho/.config/coc/extensions/coc-lua-data/lua-language-server/meta/Lua%205.4%20en-us%20utf8/os.lua
[19:16:49.878][info] [#0:script/workspace/loading.lua:88]: Skip loaded file: file:///home/bacchimcho/.config/coc/extensions/coc-lua-data/lua-language-server/meta/Lua%205.4%20en-us%20utf8/os.lua
[19:16:49.878][info] [#0:script/workspace/loading.lua:112]: ++++As library of:	file:///home/bacchimcho/.config/coc/extensions/coc-lua-data/lua-language-server/meta/Lua%205.4%20en-us%20utf8/os.lua
[19:16:49.879][info] [#0:script/workspace/loading.lua:100]: Preload file at: file:///home/bacchimcho/.config/coc/extensions/coc-lua-data/lua-language-server/meta/Lua%205.4%20en-us%20utf8/package.lua , size = 2.944 KB
[19:16:49.881][info] [#0:script/workspace/loading.lua:112]: ++++As library of:	file:///home/bacchimcho/.config/coc/extensions/coc-lua-data/lua-language-server/meta/Lua%205.4%20en-us%20utf8/package.lua
[19:16:49.881][info] [#0:script/workspace/loading.lua:88]: Skip loaded file: file:///home/bacchimcho/.config/coc/extensions/coc-lua-data/lua-language-server/meta/Lua%205.4%20en-us%20utf8/package.lua
[19:16:49.881][info] [#0:script/workspace/loading.lua:112]: ++++As library of:	file:///home/bacchimcho/.config/coc/extensions/coc-lua-data/lua-language-server/meta/Lua%205.4%20en-us%20utf8/package.lua
[19:16:49.882][info] [#0:script/workspace/loading.lua:100]: Preload file at: file:///home/bacchimcho/.config/coc/extensions/coc-lua-data/lua-language-server/meta/Lua%205.4%20en-us%20utf8/string.lua , size = 5.234 KB
[19:16:49.889][info] [#0:script/workspace/loading.lua:112]: ++++As library of:	file:///home/bacchimcho/.config/coc/extensions/coc-lua-data/lua-language-server/meta/Lua%205.4%20en-us%20utf8/string.lua
[19:16:49.889][info] [#0:script/workspace/loading.lua:88]: Skip loaded file: file:///home/bacchimcho/.config/coc/extensions/coc-lua-data/lua-language-server/meta/Lua%205.4%20en-us%20utf8/string.lua
[19:16:49.889][info] [#0:script/workspace/loading.lua:112]: ++++As library of:	file:///home/bacchimcho/.config/coc/extensions/coc-lua-data/lua-language-server/meta/Lua%205.4%20en-us%20utf8/string.lua
[19:16:49.890][info] [#0:script/workspace/loading.lua:100]: Preload file at: file:///home/bacchimcho/.config/coc/extensions/coc-lua-data/lua-language-server/meta/Lua%205.4%20en-us%20utf8/debug.lua , size = 7.637 KB
[19:16:49.907][info] [#0:script/workspace/loading.lua:112]: ++++As library of:	file:///home/bacchimcho/.config/coc/extensions/coc-lua-data/lua-language-server/meta/Lua%205.4%20en-us%20utf8/debug.lua
[19:16:49.907][info] [#0:script/workspace/loading.lua:97]: Skip loaded file: file:///home/bacchimcho/.config/coc/extensions/coc-lua-data/lua-language-server/meta/Lua%205.4%20en-us%20utf8/debug.lua
[19:16:49.907][info] [#0:script/workspace/loading.lua:88]: Skip loaded file: file:///home/bacchimcho/.config/nvim/lua/plugins/statusline.lua
[19:16:49.907][info] [#0:script/workspace/loading.lua:100]: Preload file at: file:///home/bacchimcho/.config/nvim/lua/plugins/coc.lua , size = 1.366 KB
[19:16:49.908][info] [#0:script/workspace/loading.lua:100]: Preload file at: file:///home/bacchimcho/.config/nvim/lua/plugins/bufferline.lua , size = 0.289 KB
[19:16:49.909][info] [#0:script/workspace/loading.lua:100]: Preload file at: file:///home/bacchimcho/.config/nvim/lua/plugins/disable_conf.lua , size = 0.638 KB
[19:16:49.909][info] [#0:script/workspace/loading.lua:100]: Preload file at: file:///home/bacchimcho/.config/nvim/lua/plugins/example.lua , size = 5.363 KB
[19:16:49.912][info] [#0:script/workspace/loading.lua:100]: Preload file at: file:///home/bacchimcho/.config/nvim/lua/plugins/which-key.lua , size = 0.338 KB
[19:16:49.912][info] [#0:script/workspace/loading.lua:100]: Preload file at: file:///home/bacchimcho/.config/nvim/lua/plugins/live-server.lua , size = 0.364 KB
[19:16:49.913][info] [#0:script/workspace/loading.lua:100]: Preload file at: file:///home/bacchimcho/.config/nvim/lua/plugins/comment.lua , size = 1.319 KB
[19:16:49.914][info] [#0:script/workspace/loading.lua:100]: Preload file at: file:///home/bacchimcho/.config/nvim/lua/plugins/treesitter.lua , size = 0.082 KB
[19:16:49.914][info] [#0:script/workspace/loading.lua:100]: Preload file at: file:///home/bacchimcho/.config/nvim/lua/plugins/live-preview.lua , size = 0.393 KB
[19:16:49.915][info] [#0:script/workspace/loading.lua:100]: Preload file at: file:///home/bacchimcho/.config/nvim/lua/plugins/colorscheme.lua , size = 0.355 KB
[19:16:49.915][info] [#0:script/workspace/loading.lua:100]: Preload file at: file:///home/bacchimcho/.config/nvim/lua/plugins/emmet.lua , size = 0.219 KB
[19:16:49.916][info] [#0:script/workspace/loading.lua:172]: Loaded files takes [0.095] sec: file:///home/bacchimcho/.config/nvim/lua/plugins
[19:16:49.916][info] [#0:script/workspace/loading.lua:181]: Compile files takes [0.000] sec: file:///home/bacchimcho/.config/nvim/lua/plugins
[19:16:49.916][info] [#0:script/workspace/loading.lua:182]: Loaded finish:	file:///home/bacchimcho/.config/nvim/lua/plugins
[19:16:49.916][info] [#0:script/workspace/workspace.lua:381]: Preload finish at:	file:///home/bacchimcho/.config/nvim/lua/plugins
[19:16:50.023][info] [#0:script/workspace/loading.lua:172]: Loaded files takes [0.102] sec: <fallback>
[19:16:50.024][info] [#0:script/workspace/loading.lua:181]: Compile files takes [0.000] sec: <fallback>
[19:16:50.024][info] [#0:script/workspace/loading.lua:182]: Loaded finish:	<fallback>
[19:16:50.024][info] [#0:script/workspace/workspace.lua:381]: Preload finish at:	<fallback>
[19:16:50.968][info] [#0:script/provider/diagnostic.lua:560]: Diagnostics scope [file:///home/bacchimcho/.config/nvim/lua/plugins], files count:[23]
[19:16:51.263][info] [#0:script/provider/diagnostic.lua:577]: Diagnostics scope [file:///home/bacchimcho/.config/nvim/lua/plugins] finished, takes [0.155] sec.
